<?xml version="1.0" encoding="UTF-8"?>
<!-- Generated by org.testng.reporters.JUnitXMLReporter -->
<testsuite ignored="0" hostname="BBL8P644F3" failures="1" tests="1" name="BankingApp" time="9.725" errors="0" timestamp="2022-09-13T17:35:10 EDT">
  <testcase classname="com.trax.testCases.TC_addAndPopulateJobTest" name="addAndPopulateJobTest" time="0.022">
    <failure type="java.lang.NullPointerException" message="Cannot invoke &amp;quot;org.openqa.selenium.SearchContext.findElement(org.openqa.selenium.By)&amp;quot; because &amp;quot;this.searchContext&amp;quot; is null">
      <![CDATA[java.lang.NullPointerException: Cannot invoke "org.openqa.selenium.SearchContext.findElement(org.openqa.selenium.By)" because "this.searchContext" is null
at org.openqa.selenium.support.pagefactory.DefaultElementLocator.findElement(DefaultElementLocator.java:69)
at org.openqa.selenium.support.pagefactory.internal.LocatingElementHandler.invoke(LocatingElementHandler.java:38)
at jdk.proxy2/jdk.proxy2.$Proxy13.click(Unknown Source)
at com.trax.pageObjects.HomePage.setUserName(HomePage.java:32)
at com.trax.testCases.TC_addAndPopulateJobTest.addAndPopulateJobTest(TC_addAndPopulateJobTest.java:18)
at java.base/java.util.ArrayList.forEach(ArrayList.java:1511)
... Removed 27 stack frames]]>
    </failure>
  </testcase> <!-- addAndPopulateJobTest -->
</testsuite> <!-- BankingApp -->
